<?xml version='1.0' encoding='UTF-8'?>
<!DOCTYPE beans PUBLIC '-//SPRING//DTD BEAN//EN' 'http://www.springframework.org/dtd/spring-beans.dtd'>

<!--
    NOTE: this file does NOT alias cachingContentStore to fileContentStore, as SlowContentStore is not
    a full implementation (so boostrap would fail). Operations using the fileContentStore will work as normal,
    tests will use the cachingContentStore and associated beans explicitly, by name when required.
 -->
<beans>
    <import resource="classpath:alfresco/application-context.xml" />
    
    <bean id="cachingContentStoreCache" class="org.alfresco.repo.cache.DefaultSimpleCache"/>

    <bean id="contentCache" class="org.alfresco.repo.content.caching.ContentCacheImpl">
        <property name="memoryStore" ref="cachingContentStoreCache"/>
        <property name="cacheRoot" value="${dir.cachedcontent}"/>
    </bean>

    <bean id="cachingContentStore" class="org.alfresco.repo.content.caching.CachingContentStore">
        <property name="backingStore" ref="backingStore"/>
        <property name="cache" ref="contentCache"/>
        <property name="cacheOnInbound" value="true"/>
    </bean>
    
    <bean id="backingStore" class="org.alfresco.repo.content.caching.test.SlowContentStore"/>

</beans>
