<?xml version="1.0" encoding="UTF-8"?>
<model name="testCMIS:test-model" xmlns="http://www.alfresco.org/model/dictionary/1.0" xmlns:xsi="http://www.w3.org/2001/XMLSchema-instance">
    
    <description>Test model the cmis query tests</description>
    <author>Alfresco</author>
    <published>2010-01-22</published>
    <version>0.1</version>
    
    <imports>
      	<import uri="http://www.alfresco.org/model/action/1.0" prefix="act"/>
    </imports>
    
    <namespaces>
        <namespace uri="http://www.alfresco.org/test/testCMIS" prefix="testCMIS"/>
    </namespaces>
    
    <types>
        <type name="testCMIS:type1">
            <title>Type 1</title>
            <parent>act:actionbase</parent>
            <properties>
            </properties>
        </type>
    </types>
    
</model>