<?xml version='1.0' encoding='UTF-8'?>
<!DOCTYPE beans PUBLIC '-//SPRING//DTD BEAN//EN' 'http://www.springframework.org/dtd/spring-beans.dtd'>

<beans>

   <bean id="mockRenderingEngine"
      class="org.alfresco.repo.rendition.RenditionServicePermissionsTest$MockRenderingEngine"
      parent="baseRenderingAction">
   </bean>

</beans>